<?xml version="1.0" encoding="UTF-8"?>
<testsuite name="org.example.SistemaNotificacionesEmail.UserNotificationsTest" tests="1" skipped="0" failures="0" errors="0" timestamp="2024-06-03T04:41:22" hostname="juan-Lenovo-C365" time="3.162">
  <properties/>
  <testcase name="envioNotifiacionesTest()" classname="org.example.SistemaNotificacionesEmail.UserNotificationsTest" time="3.162"/>
  <system-out><![CDATA[]]></system-out>
  <system-err><![CDATA[]]></system-err>
</testsuite>
