<?xml version="1.0" encoding="UTF-8"?>
<testsuite name="org.example.MoneyTest" tests="1" skipped="0" failures="0" errors="0" timestamp="2024-04-21T20:30:10" hostname="juan-Lenovo-C365" time="0.38">
  <properties/>
  <testcase name="constructorShouldSetAmountAndCurrency()" classname="org.example.MoneyTest" time="0.38"/>
  <system-out><![CDATA[]]></system-out>
  <system-err><![CDATA[]]></system-err>
</testsuite>
