<?xml version="1.0" encoding="UTF-8"?>
<testsuite name="org.example.CalculadoraTest" tests="5" skipped="0" failures="0" errors="0" timestamp="2024-05-29T04:58:28" hostname="juan-Lenovo-C365" time="1.109">
  <properties/>
  <testcase name="testAdd()" classname="org.example.CalculadoraTest" time="0.998"/>
  <testcase name="testSubtract()" classname="org.example.CalculadoraTest" time="0.005"/>
  <testcase name="testDoesntDivideZero()" classname="org.example.CalculadoraTest" time="0.074"/>
  <testcase name="testDivide()" classname="org.example.CalculadoraTest" time="0.004"/>
  <testcase name="testMultiply()" classname="org.example.CalculadoraTest" time="0.004"/>
  <system-out><![CDATA[]]></system-out>
  <system-err><![CDATA[]]></system-err>
</testsuite>
