<?xml version="1.0" encoding="UTF-8"?>
<testsuite name="org.example.CalculadoraTest" tests="5" skipped="0" failures="0" errors="0" timestamp="2024-06-05T03:25:07" hostname="juan-Lenovo-C365" time="0.982">
  <properties/>
  <testcase name="testAdd()" classname="org.example.CalculadoraTest" time="0.858"/>
  <testcase name="testSubtract()" classname="org.example.CalculadoraTest" time="0.007"/>
  <testcase name="testDoesntDivideZero()" classname="org.example.CalculadoraTest" time="0.082"/>
  <testcase name="testDivide()" classname="org.example.CalculadoraTest" time="0.006"/>
  <testcase name="testMultiply()" classname="org.example.CalculadoraTest" time="0.004"/>
  <system-out><![CDATA[]]></system-out>
  <system-err><![CDATA[]]></system-err>
</testsuite>
