<?xml version="1.0" encoding="UTF-8"?>
<testsuite name="com.wordz.domain.WordTest" tests="4" skipped="0" failures="0" errors="0" timestamp="2024-04-22T00:05:36" hostname="juan-Lenovo-C365" time="0.27">
  <properties/>
  <testcase name="oneCorrectLetter()" classname="com.wordz.domain.WordTest" time="0.242"/>
  <testcase name="allScoreCombinations()" classname="com.wordz.domain.WordTest" time="0.006"/>
  <testcase name="secondLetterWrongPosition()" classname="com.wordz.domain.WordTest" time="0.006"/>
  <testcase name="oneIncorrectLetter()" classname="com.wordz.domain.WordTest" time="0.004"/>
  <system-out><![CDATA[]]></system-out>
  <system-err><![CDATA[]]></system-err>
</testsuite>
