<?xml version="1.0" encoding="UTF-8"?>
<testsuite name="com.wordz.domain.WordTest" tests="2" skipped="0" failures="0" errors="0" timestamp="2024-04-21T23:22:06" hostname="juan-Lenovo-C365" time="0.224">
  <properties/>
  <testcase name="oneCorrectLetter()" classname="com.wordz.domain.WordTest" time="0.215"/>
  <testcase name="secondLetterWrongPosition()" classname="com.wordz.domain.WordTest" time="0.005"/>
  <system-out><![CDATA[]]></system-out>
  <system-err><![CDATA[]]></system-err>
</testsuite>
