<?xml version="1.0" encoding="UTF-8"?>
<testsuite name="com.wordz.domain.WordTest" tests="4" skipped="0" failures="0" errors="0" timestamp="2024-05-07T22:41:14" hostname="juan-Lenovo-C365" time="0.39">
  <properties/>
  <testcase name="oneCorrectLetter()" classname="com.wordz.domain.WordTest" time="0.359"/>
  <testcase name="allScoreCombinations()" classname="com.wordz.domain.WordTest" time="0.006"/>
  <testcase name="secondLetterWrongPosition()" classname="com.wordz.domain.WordTest" time="0.005"/>
  <testcase name="oneIncorrectLetter()" classname="com.wordz.domain.WordTest" time="0.006"/>
  <system-out><![CDATA[]]></system-out>
  <system-err><![CDATA[]]></system-err>
</testsuite>
