<?xml version="1.0" encoding="UTF-8"?>
<testsuite name="FootballTeamTest" tests="1" skipped="0" failures="0" errors="0" timestamp="2024-05-08T03:56:44" hostname="juan-Lenovo-C365" time="0.349">
  <properties/>
  <testcase name="teamsWithSameNumberOfMatchesWonShouldBeEqual()" classname="FootballTeamTest" time="0.349"/>
  <system-out><![CDATA[]]></system-out>
  <system-err><![CDATA[]]></system-err>
</testsuite>
