<?xml version="1.0" encoding="UTF-8"?>
<testsuite name="FootballTeamTest" tests="1" skipped="0" failures="0" errors="0" timestamp="2024-04-22T02:55:58" hostname="juan-Lenovo-C365" time="0.198">
  <properties/>
  <testcase name="teamsWithSameNumberOfMatchesWonShouldBeEqual()" classname="FootballTeamTest" time="0.198"/>
  <system-out><![CDATA[]]></system-out>
  <system-err><![CDATA[]]></system-err>
</testsuite>
